<?xml version="1.0" encoding="UTF-8"?>
<!-- Generated by org.testng.reporters.JUnitReportReporter -->
<testsuite skipped="0" hostname="ASDP1498PO01976" name="Qainfotech.SnlRest.Example1" tests="1" failures="0" timestamp="15 Jul 2019 11:57:30 GMT" time="2.271" errors="0">
  <testcase name="f" time="2.271" classname="Qainfotech.SnlRest.Example1"/>
</testsuite> <!-- Qainfotech.SnlRest.Example1 -->
