<?xml version="1.0" encoding="UTF-8"?>
<!-- Generated by org.testng.reporters.JUnitReportReporter -->
<testsuite skipped="0" hostname="ASDP1498PO01976" name="Qainfotech.SnlRest.Example2" tests="1" failures="0" timestamp="15 Jul 2019 12:10:57 GMT" time="2.618" errors="0">
  <testcase name="Getting_Details" time="2.618" classname="Qainfotech.SnlRest.Example2"/>
</testsuite> <!-- Qainfotech.SnlRest.Example2 -->
