<?xml version="1.0" encoding="UTF-8"?>
<!-- Generated by org.testng.reporters.JUnitReportReporter -->
<testsuite skipped="0" hostname="ASDP1498PO01976" name="Qainfotech.SnlRest.Snl" tests="1" failures="0" timestamp="10 Jul 2019 10:38:58 GMT" time="0.076" errors="0">
  <testcase name="a" time="0.076" classname="Qainfotech.SnlRest.Snl"/>
</testsuite> <!-- Qainfotech.SnlRest.Snl -->
