<?xml version="1.0" encoding="UTF-8"?>
<!-- Generated by org.testng.reporters.JUnitReportReporter -->
<testsuite skipped="0" hostname="ASDP1498PO01976" name="Qainfotech.SnlRest.NewTest" tests="1" failures="0" timestamp="15 Jul 2019 06:40:34 GMT" time="2.227" errors="0">
  <testcase name="f" time="2.227" classname="Qainfotech.SnlRest.NewTest"/>
</testsuite> <!-- Qainfotech.SnlRest.NewTest -->
