<?xml version="1.0" encoding="UTF-8"?>
<!-- Generated by org.testng.reporters.JUnitReportReporter -->
<testsuite skipped="0" hostname="ASDP1498PO01976" name="Qainfotech.SnlRest.Rest" tests="2" failures="0" timestamp="15 Jul 2019 13:24:16 GMT" time="3.784" errors="0">
  <testcase name="AddNewPlayer" time="3.194" classname="Qainfotech.SnlRest.Rest"/>
  <testcase name="DeletePlayer" time="0.590" classname="Qainfotech.SnlRest.Rest"/>
</testsuite> <!-- Qainfotech.SnlRest.Rest -->
